
s; 26.04.2020 23:49:53.552
h; 26.04.2020 23:49:57.504
e; 26.04.2020 23:49:57.708
l; 26.04.2020 23:49:57.912
l; 26.04.2020 23:49:58.13
o; 26.04.2020 23:49:58.215
d; 26.04.2020 23:49:58.620
a; 26.04.2020 23:49:58.824
r; 26.04.2020 23:49:59.28
k; 26.04.2020 23:49:59.233
n; 26.04.2020 23:49:59.553
e; 26.04.2020 23:49:59.755
s; 26.04.2020 23:49:59.957
s; 26.04.2020 23:50:00.58
s; 26.04.2020 23:50:00.160
m; 26.04.2020 23:50:00.565
y; 26.04.2020 23:50:00.970
o; 26.04.2020 23:50:01.373
l; 26.04.2020 23:50:01.578
d; 26.04.2020 23:50:01.680